c:\users\alexm\primrose\primrose\build\debug\intermediate\vc143.pdb
c:\users\alexm\primrose\primrose\build\debug\intermediate\vc143.idb
c:\users\alexm\primrose\primrose\build\debug\intermediate\window.obj
c:\users\alexm\primrose\primrose\build\debug\intermediate\shadercompiler.obj
c:\users\alexm\primrose\primrose\build\debug\intermediate\renderer.obj
c:\users\alexm\primrose\primrose\build\debug\intermediate\profiler.obj
c:\users\alexm\primrose\primrose\build\debug\intermediate\main.obj
c:\users\alexm\primrose\primrose\build\debug\intermediate\core.obj
c:\users\alexm\primrose\primrose\build\debug\intermediate\stb_image.obj
c:\users\alexm\primrose\primrose\build\debug\intermediate\spriterenderercomponent.obj
c:\users\alexm\primrose\primrose\build\debug\intermediate\gameobject.obj
c:\users\alexm\primrose\primrose\build\debug\intermediate\entitycomponentsystem.obj
c:\users\alexm\primrose\primrose\build\debug\intermediate\cameracomponent.obj
c:\users\alexm\primrose\primrose\build\debug\intermediate\glad.obj
c:\users\alexm\primrose\primrose\build\debug\intermediate\imgui_widgets.obj
c:\users\alexm\primrose\primrose\build\debug\intermediate\imgui_tables.obj
c:\users\alexm\primrose\primrose\build\debug\intermediate\imgui_draw.obj
c:\users\alexm\primrose\primrose\build\debug\intermediate\imgui_demo.obj
c:\users\alexm\primrose\primrose\build\debug\intermediate\imgui.obj
c:\users\alexm\primrose\primrose\build\debug\intermediate\imgui_stdlib.obj
c:\users\alexm\primrose\primrose\build\debug\intermediate\imgui_impl_opengl3.obj
c:\users\alexm\primrose\primrose\build\debug\intermediate\imgui_impl_glfw.obj
c:\users\alexm\primrose\primrose\build\debug\primrose.exe
c:\users\alexm\primrose\primrose\build\debug\intermediate\primrose.ilk
c:\users\alexm\primrose\primrose\build\debug\primrose.pdb
c:\users\alexm\primrose\primrose\build\debug\intermediate\core.obj.enc
c:\users\alexm\primrose\primrose\\build\debug\primrose.pdb
c:\users\alexm\primrose\primrose\\build\debug\intermediate\primrose.vcxproj.filelistabsolute.txt
c:\users\alexm\primrose\primrose\build\debug\intermediate\primrose.tlog\cl.command.1.tlog
c:\users\alexm\primrose\primrose\build\debug\intermediate\primrose.tlog\cl.items.tlog
c:\users\alexm\primrose\primrose\build\debug\intermediate\primrose.tlog\cl.read.1.tlog
c:\users\alexm\primrose\primrose\build\debug\intermediate\primrose.tlog\cl.write.1.tlog
c:\users\alexm\primrose\primrose\build\debug\intermediate\primrose.tlog\link.command.1.tlog
c:\users\alexm\primrose\primrose\build\debug\intermediate\primrose.tlog\link.read.1.tlog
c:\users\alexm\primrose\primrose\build\debug\intermediate\primrose.tlog\link.write.1.tlog
